[2024-06-15T22:31:11.064+0000] {local_task_job_runner.py:120} INFO - ::group::Pre task execution logs
[2024-06-15T22:31:11.103+0000] {taskinstance.py:2076} INFO - Dependencies all met for dep_context=non-requeueable deps ti=<TaskInstance: process_sales_python_dag.prepare_params_task manual__2022-08-09T18:07:09+00:00 [queued]>
[2024-06-15T22:31:11.120+0000] {taskinstance.py:2076} INFO - Dependencies all met for dep_context=requeueable deps ti=<TaskInstance: process_sales_python_dag.prepare_params_task manual__2022-08-09T18:07:09+00:00 [queued]>
[2024-06-15T22:31:11.123+0000] {taskinstance.py:2306} INFO - Starting attempt 4 of 4
[2024-06-15T22:31:11.153+0000] {taskinstance.py:2330} INFO - Executing <Task(PythonOperator): prepare_params_task> on 2022-08-09 18:07:09+00:00
[2024-06-15T22:31:11.164+0000] {warnings.py:110} WARNING - /home/***/.local/lib/python3.12/site-packages/***/task/task_runner/standard_task_runner.py:61: DeprecationWarning: This process (pid=62) is multi-threaded, use of fork() may lead to deadlocks in the child.
  pid = os.fork()

[2024-06-15T22:31:11.168+0000] {standard_task_runner.py:63} INFO - Started process 64 to run task
[2024-06-15T22:31:11.168+0000] {standard_task_runner.py:90} INFO - Running: ['***', 'tasks', 'run', 'process_sales_python_dag', 'prepare_params_task', 'manual__2022-08-09T18:07:09+00:00', '--job-id', '342', '--raw', '--subdir', 'DAGS_FOLDER/gcp_sales_load.py', '--cfg-path', '/tmp/tmp4kv9qpis']
[2024-06-15T22:31:11.174+0000] {standard_task_runner.py:91} INFO - Job 342: Subtask prepare_params_task
[2024-06-15T22:31:11.278+0000] {task_command.py:426} INFO - Running <TaskInstance: process_sales_python_dag.prepare_params_task manual__2022-08-09T18:07:09+00:00 [running]> on host 37ab05bbda86
[2024-06-15T22:31:11.485+0000] {taskinstance.py:2648} INFO - Exporting env vars: AIRFLOW_CTX_DAG_OWNER='***' AIRFLOW_CTX_DAG_ID='process_sales_python_dag' AIRFLOW_CTX_TASK_ID='prepare_params_task' AIRFLOW_CTX_EXECUTION_DATE='2022-08-09T18:07:09+00:00' AIRFLOW_CTX_TRY_NUMBER='4' AIRFLOW_CTX_DAG_RUN_ID='manual__2022-08-09T18:07:09+00:00'
[2024-06-15T22:31:11.490+0000] {taskinstance.py:430} INFO - ::endgroup::
[2024-06-15T22:31:11.492+0000] {logging_mixin.py:188} INFO - Called sales for date {{ ds }}
[2024-06-15T22:31:11.509+0000] {crypto.py:82} WARNING - empty cryptography key - values will not be stored encrypted.
[2024-06-15T22:31:11.521+0000] {python.py:237} INFO - Done. Returned value was: None
[2024-06-15T22:31:11.523+0000] {taskinstance.py:441} INFO - ::group::Post task execution logs
[2024-06-15T22:31:11.563+0000] {taskinstance.py:1206} INFO - Marking task as SUCCESS. dag_id=process_sales_python_dag, task_id=prepare_params_task, run_id=manual__2022-08-09T18:07:09+00:00, execution_date=20220809T180709, start_date=20240615T223111, end_date=20240615T223111
[2024-06-15T22:31:11.666+0000] {local_task_job_runner.py:240} INFO - Task exited with return code 0
[2024-06-15T22:31:11.783+0000] {taskinstance.py:3498} INFO - 1 downstream tasks scheduled from follow-on schedule check
[2024-06-15T22:31:11.799+0000] {local_task_job_runner.py:222} INFO - ::endgroup::
