[2024-06-19T14:01:09.967+0000] {local_task_job_runner.py:120} INFO - ::group::Pre task execution logs
[2024-06-19T14:01:09.985+0000] {taskinstance.py:2076} INFO - Dependencies all met for dep_context=non-requeueable deps ti=<TaskInstance: process_user_profiles.create_user_profiles_bronze_layer_task manual__2024-06-19T14:01:04.678464+00:00 [queued]>
[2024-06-19T14:01:09.994+0000] {taskinstance.py:2076} INFO - Dependencies all met for dep_context=requeueable deps ti=<TaskInstance: process_user_profiles.create_user_profiles_bronze_layer_task manual__2024-06-19T14:01:04.678464+00:00 [queued]>
[2024-06-19T14:01:09.995+0000] {taskinstance.py:2306} INFO - Starting attempt 1 of 1
[2024-06-19T14:01:10.012+0000] {taskinstance.py:2330} INFO - Executing <Task(BigQueryCreateExternalTableOperator): create_user_profiles_bronze_layer_task> on 2024-06-19 14:01:04.678464+00:00
[2024-06-19T14:01:10.018+0000] {warnings.py:110} WARNING - /home/***/.local/lib/python3.12/site-packages/***/task/task_runner/standard_task_runner.py:61: DeprecationWarning: This process (pid=218) is multi-threaded, use of fork() may lead to deadlocks in the child.
  pid = os.fork()

[2024-06-19T14:01:10.020+0000] {standard_task_runner.py:63} INFO - Started process 220 to run task
[2024-06-19T14:01:10.020+0000] {standard_task_runner.py:90} INFO - Running: ['***', 'tasks', 'run', 'process_user_profiles', 'create_user_profiles_bronze_layer_task', 'manual__2024-06-19T14:01:04.678464+00:00', '--job-id', '111', '--raw', '--subdir', 'DAGS_FOLDER/user_profiles_process_dags.py', '--cfg-path', '/tmp/tmpol9umu_n']
[2024-06-19T14:01:10.021+0000] {standard_task_runner.py:91} INFO - Job 111: Subtask create_user_profiles_bronze_layer_task
[2024-06-19T14:01:10.069+0000] {task_command.py:426} INFO - Running <TaskInstance: process_user_profiles.create_user_profiles_bronze_layer_task manual__2024-06-19T14:01:04.678464+00:00 [running]> on host 1912bc156df7
[2024-06-19T14:01:10.171+0000] {taskinstance.py:2648} INFO - Exporting env vars: AIRFLOW_CTX_DAG_OWNER='***' AIRFLOW_CTX_DAG_ID='process_user_profiles' AIRFLOW_CTX_TASK_ID='create_user_profiles_bronze_layer_task' AIRFLOW_CTX_EXECUTION_DATE='2024-06-19T14:01:04.678464+00:00' AIRFLOW_CTX_TRY_NUMBER='1' AIRFLOW_CTX_DAG_RUN_ID='manual__2024-06-19T14:01:04.678464+00:00'
[2024-06-19T14:01:10.173+0000] {taskinstance.py:430} INFO - ::endgroup::
[2024-06-19T14:01:10.182+0000] {connection.py:274} WARNING - Connection schemes (type: google_cloud_platform) shall not contain '_' according to RFC3986.
[2024-06-19T14:01:10.186+0000] {base.py:84} INFO - Using connection ID 'google_cloud_default' for task execution.
[2024-06-19T14:01:11.112+0000] {taskinstance.py:441} INFO - ::group::Post task execution logs
[2024-06-19T14:01:11.137+0000] {taskinstance.py:1206} INFO - Marking task as SUCCESS. dag_id=process_user_profiles, task_id=create_user_profiles_bronze_layer_task, run_id=manual__2024-06-19T14:01:04.678464+00:00, execution_date=20240619T140104, start_date=20240619T140109, end_date=20240619T140111
[2024-06-19T14:01:11.201+0000] {local_task_job_runner.py:240} INFO - Task exited with return code 0
[2024-06-19T14:01:11.294+0000] {taskinstance.py:3498} INFO - 1 downstream tasks scheduled from follow-on schedule check
[2024-06-19T14:01:11.314+0000] {local_task_job_runner.py:222} INFO - ::endgroup::
