[2024-06-16T07:13:21.574+0000] {local_task_job_runner.py:120} INFO - ::group::Pre task execution logs
[2024-06-16T07:13:21.610+0000] {taskinstance.py:2076} INFO - Dependencies all met for dep_context=non-requeueable deps ti=<TaskInstance: process_sales_python_dag.copy_to_gcs_task manual__2022-08-10T06:50:50+00:00 [queued]>
[2024-06-16T07:13:21.626+0000] {taskinstance.py:2076} INFO - Dependencies all met for dep_context=requeueable deps ti=<TaskInstance: process_sales_python_dag.copy_to_gcs_task manual__2022-08-10T06:50:50+00:00 [queued]>
[2024-06-16T07:13:21.630+0000] {taskinstance.py:2306} INFO - Starting attempt 5 of 5
[2024-06-16T07:13:21.662+0000] {taskinstance.py:2330} INFO - Executing <Task(LocalFilesystemToGCSOperator): copy_to_gcs_task> on 2022-08-10 06:50:50+00:00
[2024-06-16T07:13:21.672+0000] {warnings.py:110} WARNING - /home/***/.local/lib/python3.12/site-packages/***/task/task_runner/standard_task_runner.py:61: DeprecationWarning: This process (pid=385) is multi-threaded, use of fork() may lead to deadlocks in the child.
  pid = os.fork()

[2024-06-16T07:13:21.676+0000] {standard_task_runner.py:63} INFO - Started process 387 to run task
[2024-06-16T07:13:21.676+0000] {standard_task_runner.py:90} INFO - Running: ['***', 'tasks', 'run', 'process_sales_python_dag', 'copy_to_gcs_task', 'manual__2022-08-10T06:50:50+00:00', '--job-id', '380', '--raw', '--subdir', 'DAGS_FOLDER/gcp_sales_load.py', '--cfg-path', '/tmp/tmpjqroo6_3']
[2024-06-16T07:13:21.682+0000] {standard_task_runner.py:91} INFO - Job 380: Subtask copy_to_gcs_task
[2024-06-16T07:13:21.778+0000] {task_command.py:426} INFO - Running <TaskInstance: process_sales_python_dag.copy_to_gcs_task manual__2022-08-10T06:50:50+00:00 [running]> on host 37ab05bbda86
[2024-06-16T07:13:22.000+0000] {taskinstance.py:2648} INFO - Exporting env vars: AIRFLOW_CTX_DAG_OWNER='***' AIRFLOW_CTX_DAG_ID='process_sales_python_dag' AIRFLOW_CTX_TASK_ID='copy_to_gcs_task' AIRFLOW_CTX_EXECUTION_DATE='2022-08-10T06:50:50+00:00' AIRFLOW_CTX_TRY_NUMBER='5' AIRFLOW_CTX_DAG_RUN_ID='manual__2022-08-10T06:50:50+00:00'
[2024-06-16T07:13:22.008+0000] {taskinstance.py:430} INFO - ::endgroup::
[2024-06-16T07:13:22.029+0000] {connection.py:274} WARNING - Connection schemes (type: google_cloud_platform) shall not contain '_' according to RFC3986.
[2024-06-16T07:13:22.041+0000] {base.py:84} INFO - Using connection ID 'google_cloud_default' for task execution.
[2024-06-16T07:13:22.801+0000] {gcs.py:556} INFO - File /opt/***/file_storage/stg/sales/2022-08-10/sales_2022-08-10.avro uploaded to sales/v1/2022-08-10.format("%Y/%m/%d")/sales_2022-08-10.avro in hw_gsp bucket
[2024-06-16T07:13:22.802+0000] {taskinstance.py:441} INFO - ::group::Post task execution logs
[2024-06-16T07:13:22.815+0000] {taskinstance.py:1206} INFO - Marking task as SUCCESS. dag_id=process_sales_python_dag, task_id=copy_to_gcs_task, run_id=manual__2022-08-10T06:50:50+00:00, execution_date=20220810T065050, start_date=20240616T071321, end_date=20240616T071322
[2024-06-16T07:13:22.859+0000] {local_task_job_runner.py:240} INFO - Task exited with return code 0
[2024-06-16T07:13:22.877+0000] {taskinstance.py:3498} INFO - 0 downstream tasks scheduled from follow-on schedule check
[2024-06-16T07:13:22.880+0000] {local_task_job_runner.py:222} INFO - ::endgroup::
